[2025-05-06 18:05:10] connexion à la base de donnée 
[2025-05-06 18:05:10] modèle initialise
[2025-05-06 18:05:10] instanciation du controleur
[2025-05-06 18:05:10] test2
[2025-05-06 18:05:10] connexion à la base de donnée 
[2025-05-06 18:05:10] modèle initialise
[2025-05-06 18:05:10] instanciation du controleur
[2025-05-06 18:05:10] requete réussi sur table users pour récupérer tout les utilisateurs
[2025-05-06 18:13:27] connexion à la base de donnée 
[2025-05-06 18:13:27] modèle initialise
[2025-05-06 18:13:27] instanciation du controleur
[2025-05-06 18:13:27] requete réussi sur table users pour récupérer tout les utilisateurs
[2025-05-06 18:13:33] connexion à la base de donnée 
[2025-05-06 18:13:33] modèle initialise
[2025-05-06 18:13:33] instanciation du controleur
[2025-05-06 18:13:33] utilisateur à l'id demandé
[2025-05-06 18:13:35] connexion à la base de donnée 
[2025-05-06 18:13:35] modèle initialise
[2025-05-06 18:13:35] instanciation du controleur
[2025-05-06 18:13:35] requete réussi sur table users pour récupérer tout les utilisateurs
[2025-05-06 18:13:39] connexion à la base de donnée 
[2025-05-06 18:13:39] modèle initialise
[2025-05-06 18:13:39] instanciation du controleur
[2025-05-06 18:14:12] connexion à la base de donnée 
[2025-05-06 18:14:12] modèle initialise
[2025-05-06 18:14:12] instanciation du controleur
[2025-05-06 18:14:12] test2depuis la methode d'ajout du controller
[2025-05-06 18:14:12] connexion à la base de donnée 
[2025-05-06 18:14:12] modèle initialise
[2025-05-06 18:14:12] instanciation du controleur
[2025-05-06 18:14:12] requete réussi sur table users pour récupérer tout les utilisateurs
[2025-05-06 18:14:14] connexion à la base de donnée 
[2025-05-06 18:14:14] modèle initialise
[2025-05-06 18:14:14] instanciation du controleur
[2025-05-06 18:14:14] utilisateur à l'id demandé
[2025-05-06 18:14:16] connexion à la base de donnée 
[2025-05-06 18:14:16] modèle initialise
[2025-05-06 18:14:16] instanciation du controleur
[2025-05-06 18:14:16] requete réussi sur table users pour récupérer tout les utilisateurs
[2025-05-06 18:14:19] connexion à la base de donnée 
[2025-05-06 18:14:19] modèle initialise
[2025-05-06 18:14:19] instanciation du controleur
[2025-05-06 18:14:19] connexion à la base de donnée 
[2025-05-06 18:14:19] modèle initialise
[2025-05-06 18:14:19] instanciation du controleur
[2025-05-06 18:14:19] requete réussi sur table users pour récupérer tout les utilisateurs
[2025-05-06 18:24:00] connexion à la base de donnée 
[2025-05-06 18:24:00] modèle initialise
[2025-05-06 18:24:00] instanciation du controleur
[2025-05-06 18:24:00] utilisateur à l'id demandé
[2025-05-06 18:24:05] connexion à la base de donnée 
[2025-05-06 18:24:05] modèle initialise
[2025-05-06 18:24:05] instanciation du controleur
[2025-05-06 18:24:05] requete réussi sur table users pour récupérer tout les utilisateurs
[2025-05-06 18:26:00] connexion à la base de donnée 
[2025-05-06 18:26:00] modèle initialise
[2025-05-06 18:26:00] instanciation du controleur
[2025-05-06 18:26:00] requete réussi sur table users pour récupérer tout les utilisateurs
[2025-05-07 08:51:31] connexion à la base de donnée 
[2025-05-07 08:51:31] modèle initialise
[2025-05-07 08:51:31] instanciation du controleur
[2025-05-07 08:51:31] requete réussi sur table users pour récupérer tout les utilisateurs
[2025-05-07 10:04:15] connexion à la base de donnée 
[2025-05-07 10:04:15] modèle initialise
[2025-05-07 10:04:15] instanciation du controleur
[2025-05-07 10:04:15] utilisateur à l'id demandé
[2025-05-07 10:04:57] connexion à la base de donnée 
[2025-05-07 10:04:57] modèle initialise
[2025-05-07 10:04:57] instanciation du controleur
[2025-05-07 10:04:57] requete réussi sur table users pour récupérer tout les utilisateurs
[2025-05-07 10:09:11] connexion à la base de donnée 
[2025-05-07 10:09:11] modèle initialise
[2025-05-07 10:09:11] instanciation du controleur
[2025-05-07 10:10:55] connexion à la base de donnée 
[2025-05-07 10:10:55] modèle initialise
[2025-05-07 10:10:55] instanciation du controleur
[2025-05-07 10:10:55] requete réussi sur table users pour récupérer tout les utilisateurs
[2025-05-07 12:29:46] connexion à la base de donnée 
[2025-05-07 12:29:46] modèle initialise
[2025-05-07 12:29:46] instanciation du controleur
[2025-05-07 12:29:46] requete réussi sur table users pour récupérer tout les utilisateurs
[2025-05-07 17:15:53] connexion à la base de donnée 
[2025-05-07 17:15:53] modèle initialise
[2025-05-07 17:15:53] instanciation du controleur
[2025-05-07 17:15:53] requete réussi sur table users pour récupérer tout les utilisateurs
[2025-05-07 17:16:00] connexion à la base de donnée 
[2025-05-07 17:16:00] modèle initialise
[2025-05-07 17:16:00] instanciation du controleur
[2025-05-07 17:16:50] connexion à la base de donnée 
[2025-05-07 17:16:50] modèle initialise
[2025-05-07 17:16:50] instanciation du controleur
[2025-05-07 17:16:50] testnomdepuis la methode d'ajout du controller
[2025-05-07 17:16:59] connexion à la base de donnée 
[2025-05-07 17:16:59] modèle initialise
[2025-05-07 17:16:59] instanciation du controleur
[2025-05-07 17:16:59] testnomdepuis la methode d'ajout du controller
[2025-05-07 17:16:59] connexion à la base de donnée 
[2025-05-07 17:16:59] modèle initialise
[2025-05-07 17:16:59] instanciation du controleur
[2025-05-07 17:16:59] requete réussi sur table users pour récupérer tout les utilisateurs
[2025-05-07 17:17:04] connexion à la base de donnée 
[2025-05-07 17:17:04] modèle initialise
[2025-05-07 17:17:04] instanciation du controleur
[2025-05-07 17:17:04] connexion à la base de donnée 
[2025-05-07 17:17:04] modèle initialise
[2025-05-07 17:17:04] instanciation du controleur
[2025-05-07 17:17:04] requete réussi sur table users pour récupérer tout les utilisateurs
[2025-05-07 17:17:06] connexion à la base de donnée 
[2025-05-07 17:17:06] modèle initialise
[2025-05-07 17:17:06] instanciation du controleur
[2025-05-07 17:17:06] connexion à la base de donnée 
[2025-05-07 17:17:06] modèle initialise
[2025-05-07 17:17:06] instanciation du controleur
[2025-05-07 17:17:06] requete réussi sur table users pour récupérer tout les utilisateurs
[2025-05-07 17:17:11] connexion à la base de donnée 
[2025-05-07 17:17:11] modèle initialise
[2025-05-07 17:17:11] instanciation du controleur
[2025-05-07 17:17:11] utilisateur à l'id demandé
[2025-05-07 17:17:13] connexion à la base de donnée 
[2025-05-07 17:17:13] modèle initialise
[2025-05-07 17:17:13] instanciation du controleur
[2025-05-07 17:17:13] requete réussi sur table users pour récupérer tout les utilisateurs
[2025-05-07 18:24:02] connexion à la base de donnée 
[2025-05-07 18:24:02] modèle initialise
[2025-05-07 18:24:02] instanciation du controleur
[2025-05-07 18:24:03] requete réussi sur table users pour récupérer tout les utilisateurs
[2025-05-07 18:24:13] connexion à la base de donnée 
[2025-05-07 18:24:13] modèle initialise
[2025-05-07 18:24:13] instanciation du controleur
[2025-05-07 18:24:13] requete réussi sur table users pour récupérer tout les utilisateurs
[2025-05-07 18:24:14] connexion à la base de donnée 
[2025-05-07 18:24:14] modèle initialise
[2025-05-07 18:24:14] instanciation du controleur
[2025-05-07 18:24:14] requete réussi sur table users pour récupérer tout les utilisateurs
